2026-02-28T14:55:25: 
> frontend@0.1.0 dev
> next dev

2026-02-28T14:55:26: 2026-02-28T14:55:26: 2026-02-28T14:55:26: 2026-02-28T14:55:26: 
> frontend@0.1.0 dev
> next dev

2026-02-28T14:55:27: 2026-02-28T14:55:27: 2026-02-28T14:55:27: 2026-02-28T14:55:28: 
> frontend@0.1.0 dev
> next dev

2026-02-28T14:55:29: 2026-02-28T14:55:29: 2026-02-28T14:55:29: 2026-02-28T14:55:29: 
> frontend@0.1.0 dev
> next dev

2026-02-28T14:55:30: 2026-02-28T14:55:30: 2026-02-28T14:55:30: 2026-02-28T14:55:31: 
> frontend@0.1.0 dev
> next dev

2026-02-28T14:55:32: 2026-02-28T14:55:32: 2026-02-28T14:55:32: 2026-02-28T14:55:32: 
> frontend@0.1.0 dev
> next dev

2026-02-28T14:55:33: 2026-02-28T14:55:33: 2026-02-28T14:55:33: 2026-02-28T14:55:33: 
> frontend@0.1.0 dev
> next dev

2026-02-28T14:55:34: 2026-02-28T14:55:34: 2026-02-28T14:55:34: 2026-02-28T14:55:35: 
> frontend@0.1.0 dev
> next dev

2026-02-28T14:55:36: 2026-02-28T14:55:36: 2026-02-28T14:55:36: 2026-02-28T14:55:36: 
> frontend@0.1.0 dev
> next dev

2026-02-28T14:55:37: 2026-02-28T14:55:37: 2026-02-28T14:55:37: 2026-02-28T14:55:37: 
> frontend@0.1.0 dev
> next dev

2026-02-28T14:55:38: 2026-02-28T14:55:38: 2026-02-28T14:55:38: 2026-02-28T14:55:39: 
> frontend@0.1.0 dev
> next dev

2026-02-28T14:55:40: 2026-02-28T14:55:40: 2026-02-28T14:55:40: 2026-02-28T14:55:40: 
> frontend@0.1.0 dev
> next dev

2026-02-28T14:55:42: 2026-02-28T14:55:42: 2026-02-28T14:55:42: 2026-02-28T14:55:42: 
> frontend@0.1.0 dev
> next dev

2026-02-28T14:55:43: 2026-02-28T14:55:43: 2026-02-28T14:55:44: 
> frontend@0.1.0 dev
> next dev

2026-02-28T14:55:45: 2026-02-28T14:55:45: 2026-02-28T14:55:45: 2026-02-28T14:55:45: 
> frontend@0.1.0 dev
> next dev

2026-02-28T14:55:46: 2026-02-28T14:55:46: 2026-02-28T14:55:46: 2026-02-28T14:55:47: 
> frontend@0.1.0 dev
> next dev

2026-02-28T14:55:48: 2026-02-28T14:55:48: 2026-02-28T14:55:48: 2026-02-28T14:55:49: 
> frontend@0.1.0 dev
> next dev

2026-02-28T14:55:50: 2026-02-28T14:55:50: 2026-02-28T14:55:50: 2026-02-28T14:55:50: 
> frontend@0.1.0 dev
> next dev

2026-02-28T14:55:51: 2026-02-28T14:55:51: 2026-02-28T14:55:51: 2026-02-28T14:55:52: 
> frontend@0.1.0 dev
> next dev

2026-02-28T14:55:53: 2026-02-28T14:55:53: 2026-02-28T14:55:53: 2026-02-28T14:55:53: 
> frontend@0.1.0 dev
> next dev

2026-02-28T14:55:54: 2026-02-28T14:55:54: 2026-02-28T14:55:54: 2026-02-28T14:55:54: 
> frontend@0.1.0 dev
> next dev

2026-02-28T14:55:55: 2026-02-28T14:55:55: 2026-02-28T14:55:55: 2026-02-28T14:55:56: 
> frontend@0.1.0 dev
> next dev

2026-02-28T14:55:57: 2026-02-28T14:55:57: 2026-02-28T14:55:57: 2026-02-28T14:55:57: 
> frontend@0.1.0 dev
> next dev

2026-02-28T14:55:58: 2026-02-28T14:55:58: 2026-02-28T14:55:58: 2026-02-28T14:55:59: 
> frontend@0.1.0 dev
> next dev

2026-02-28T14:56:00: 2026-02-28T14:56:00: 2026-02-28T14:56:00: 2026-02-28T14:56:00: 
> frontend@0.1.0 dev
> next dev

2026-02-28T14:56:01: 2026-02-28T14:56:01: 2026-02-28T14:56:01: 2026-02-28T14:56:02: 
> frontend@0.1.0 dev
> next dev

2026-02-28T14:56:03: 2026-02-28T14:56:03: 2026-02-28T14:56:03: 2026-02-28T14:56:03: 
> frontend@0.1.0 dev
> next dev

2026-02-28T14:56:05: 2026-02-28T14:56:05: 2026-02-28T14:56:05: 2026-02-28T14:56:05: 
> frontend@0.1.0 dev
> next dev

2026-02-28T14:56:06: 2026-02-28T14:56:06: 2026-02-28T14:56:06: 2026-02-28T14:56:07: 
> frontend@0.1.0 dev
> next dev

2026-02-28T14:56:08: 2026-02-28T14:56:08: 2026-02-28T14:56:08: 2026-02-28T14:56:08: 
> frontend@0.1.0 dev
> next dev

2026-02-28T14:56:09: 2026-02-28T14:56:09: 2026-02-28T14:56:09: 2026-02-28T14:56:10: 
> frontend@0.1.0 dev
> next dev

2026-02-28T14:56:11: 2026-02-28T14:56:11: 2026-02-28T14:56:11: 2026-02-28T14:56:11: 
> frontend@0.1.0 dev
> next dev

2026-02-28T14:56:12: 2026-02-28T14:56:12: 2026-02-28T14:56:12: 2026-02-28T14:56:12: 
> frontend@0.1.0 dev
> next dev

2026-02-28T14:56:13: 2026-02-28T14:56:13: 2026-02-28T14:56:13: 2026-02-28T14:56:14: 
> frontend@0.1.0 dev
> next dev

2026-02-28T14:56:15: 2026-02-28T14:56:15: 2026-02-28T14:56:15: 2026-02-28T14:56:15: 
> frontend@0.1.0 dev
> next dev

2026-02-28T14:56:16: 2026-02-28T14:56:16: 2026-02-28T14:56:16: 2026-02-28T14:56:17: 
> frontend@0.1.0 dev
> next dev

2026-02-28T14:56:18: 2026-02-28T14:56:18: 2026-02-28T14:56:18: 2026-02-28T14:56:18: 
> frontend@0.1.0 dev
> next dev

2026-02-28T14:56:19: 2026-02-28T14:56:19: 2026-02-28T14:56:19: 2026-02-28T14:56:19: 
> frontend@0.1.0 dev
> next dev

2026-02-28T14:56:20: 2026-02-28T14:56:20: 2026-02-28T14:56:20: 2026-02-28T14:56:20: 
> frontend@0.1.0 dev
> next dev

2026-02-28T14:56:22: 2026-02-28T14:56:22: 2026-02-28T14:56:22: 
> frontend@0.1.0 dev
> next dev

2026-02-28T14:56:23: 2026-02-28T14:56:23: 2026-02-28T14:56:23: 2026-02-28T14:56:23: 
> frontend@0.1.0 dev
> next dev

2026-02-28T14:56:24: 2026-02-28T14:56:24: 2026-02-28T14:56:24: 2026-02-28T14:56:25: 
> frontend@0.1.0 dev
> next dev

2026-02-28T14:56:26: 2026-02-28T14:56:26: 2026-02-28T14:56:26: 2026-02-28T14:56:26: 
> frontend@0.1.0 dev
> next dev

2026-02-28T14:56:27: 2026-02-28T14:56:27: 2026-02-28T14:56:27: 2026-02-28T14:56:27: 
> frontend@0.1.0 dev
> next dev

2026-02-28T14:56:29: 2026-02-28T14:56:29: 2026-02-28T14:56:29: 2026-02-28T14:56:29: 
> frontend@0.1.0 dev
> next dev

2026-02-28T14:56:30: 2026-02-28T14:56:30: 2026-02-28T14:56:30: 2026-02-28T14:56:30: 
> frontend@0.1.0 dev
> next dev

2026-02-28T14:56:31: 2026-02-28T14:56:31: 2026-02-28T14:56:31: 2026-02-28T14:56:32: 
> frontend@0.1.0 dev
> next dev

2026-02-28T14:56:33: 2026-02-28T14:56:33: 2026-02-28T14:56:33: 2026-02-28T14:56:33: 
> frontend@0.1.0 dev
> next dev

2026-02-28T14:56:34: 2026-02-28T14:56:34: 2026-02-28T14:56:34: 2026-02-28T14:56:34: 
> frontend@0.1.0 dev
> next dev

2026-02-28T14:56:35: 2026-02-28T14:56:35: 2026-02-28T14:56:35: 
> frontend@0.1.0 dev
> next dev

2026-02-28T14:56:36: 2026-02-28T14:56:36: 2026-02-28T14:56:36: 2026-02-28T14:56:36: 
> frontend@0.1.0 dev
> next dev

2026-02-28T14:56:38: 2026-02-28T14:56:38: 2026-02-28T14:56:38: 2026-02-28T14:56:38: 
> frontend@0.1.0 dev
> next dev

2026-02-28T14:56:39: 2026-02-28T14:56:39: 2026-02-28T14:56:39: 2026-02-28T14:56:39: 
> frontend@0.1.0 dev
> next dev

2026-02-28T14:56:40: 2026-02-28T14:56:40: 2026-02-28T14:56:41: 
> frontend@0.1.0 dev
> next dev

2026-02-28T14:56:42: 2026-02-28T14:56:42: 2026-02-28T14:56:42: 2026-02-28T14:56:42: 
> frontend@0.1.0 dev
> next dev

2026-02-28T14:56:43: 2026-02-28T14:56:43: 2026-02-28T14:56:43: 2026-02-28T14:56:43: 
> frontend@0.1.0 dev
> next dev

2026-02-28T14:56:44: 2026-02-28T14:56:44: 2026-02-28T14:56:44: 2026-02-28T14:56:45: 
> frontend@0.1.0 dev
> next dev

2026-02-28T14:56:46: 2026-02-28T14:56:46: 2026-02-28T14:56:46: 2026-02-28T14:56:46: 
> frontend@0.1.0 dev
> next dev

2026-02-28T14:56:47: 2026-02-28T14:56:47: 
> frontend@0.1.0 dev
> next dev

2026-02-28T14:56:49: 2026-02-28T14:56:49: 2026-02-28T14:56:49: 2026-02-28T14:56:49: 
> frontend@0.1.0 dev
> next dev

2026-02-28T14:56:50: 2026-02-28T14:56:50: 2026-02-28T14:56:50: 2026-02-28T14:56:50: 
> frontend@0.1.0 dev
> next dev

2026-02-28T14:56:51: 2026-02-28T14:56:51: 2026-02-28T14:56:51: 2026-02-28T14:56:51: 
> frontend@0.1.0 dev
> next dev

2026-02-28T14:56:53: 2026-02-28T14:56:53: 2026-02-28T14:56:53: 2026-02-28T14:56:53: 
> frontend@0.1.0 dev
> next dev

2026-02-28T14:56:54: 2026-02-28T14:56:54: 2026-02-28T14:56:54: 2026-02-28T14:56:54: 
> frontend@0.1.0 dev
> next dev

2026-02-28T14:56:55: 2026-02-28T14:56:55: 2026-02-28T14:56:55: 2026-02-28T14:56:56: 
> frontend@0.1.0 dev
> next dev

2026-02-28T14:56:57: 2026-02-28T14:56:57: 2026-02-28T14:56:57: 2026-02-28T14:56:57: 
> frontend@0.1.0 dev
> next dev

2026-02-28T14:56:58: 2026-02-28T14:56:58: 2026-02-28T14:56:58: 2026-02-28T14:56:59: 
> frontend@0.1.0 dev
> next dev

2026-02-28T14:57:01: 2026-02-28T14:57:01: 2026-02-28T14:57:01: 2026-02-28T14:57:01: 
> frontend@0.1.0 dev
> next dev

2026-02-28T14:57:03: 2026-02-28T14:57:03: 2026-02-28T14:57:03: 2026-02-28T14:57:03: 
> frontend@0.1.0 dev
> next dev

2026-02-28T14:57:04: 2026-02-28T14:57:04: 2026-02-28T14:57:04: 2026-02-28T14:57:04: 
> frontend@0.1.0 dev
> next dev

2026-02-28T14:57:05: 2026-02-28T14:57:05: 2026-02-28T14:57:05: 2026-02-28T14:57:06: 
> frontend@0.1.0 dev
> next dev

2026-02-28T14:57:07: 2026-02-28T14:57:07: 2026-02-28T14:57:07: 2026-02-28T14:57:07: 
> frontend@0.1.0 dev
> next dev

2026-02-28T14:57:08: 2026-02-28T14:57:08: 2026-02-28T14:57:08: 2026-02-28T14:57:08: 
> frontend@0.1.0 dev
> next dev

2026-02-28T14:57:09: 2026-02-28T14:57:09: 2026-02-28T14:57:09: 2026-02-28T14:57:10: 
> frontend@0.1.0 dev
> next dev

2026-02-28T14:57:11: 2026-02-28T14:57:11: 2026-02-28T14:57:11: 2026-02-28T14:57:11: 
> frontend@0.1.0 dev
> next dev

2026-02-28T14:57:13: 2026-02-28T14:57:13: 2026-02-28T14:57:13: 2026-02-28T14:57:13: 
> frontend@0.1.0 dev
> next dev

2026-02-28T14:57:14: 2026-02-28T14:57:14: 2026-02-28T14:57:14: 2026-02-28T14:57:15: 
> frontend@0.1.0 dev
> next dev

2026-02-28T14:57:16: 2026-02-28T14:57:16: 2026-02-28T14:57:16: 2026-02-28T14:57:17: 
> frontend@0.1.0 dev
> next dev

2026-02-28T14:57:19: 2026-02-28T14:57:19: 2026-02-28T14:57:19: 2026-02-28T14:57:19: 
> frontend@0.1.0 dev
> next dev

2026-02-28T14:57:20: 2026-02-28T14:57:20: 2026-02-28T14:57:20: 2026-02-28T14:57:20: 
> frontend@0.1.0 dev
> next dev

2026-02-28T14:57:21: 2026-02-28T14:57:21: 2026-02-28T14:57:21: 
> frontend@0.1.0 dev
> next dev

2026-02-28T14:57:22: 2026-02-28T14:57:22: 2026-02-28T14:57:22: 2026-02-28T14:57:23: 
> frontend@0.1.0 dev
> next dev

2026-02-28T14:57:24: 2026-02-28T14:57:24: 2026-02-28T14:57:24: 2026-02-28T14:57:24: 
> frontend@0.1.0 dev
> next dev

2026-02-28T14:57:25: 2026-02-28T14:57:25: 2026-02-28T14:57:25: 2026-02-28T14:57:25: 
> frontend@0.1.0 dev
> next dev

2026-02-28T14:57:26: 2026-02-28T14:57:26: 2026-02-28T14:57:26: 2026-02-28T14:57:27: 
> frontend@0.1.0 dev
> next dev

2026-02-28T14:57:28: 2026-02-28T14:57:28: 2026-02-28T14:57:28: 2026-02-28T14:57:28: 
> frontend@0.1.0 dev
> next dev

2026-02-28T14:57:29: 2026-02-28T14:57:29: 2026-02-28T14:57:29: 2026-02-28T14:57:30: 
> frontend@0.1.0 dev
> next dev

2026-02-28T14:57:31: 2026-02-28T14:57:31: 2026-02-28T14:57:31: 2026-02-28T14:57:31: 
> frontend@0.1.0 dev
> next dev

2026-02-28T14:57:33: 2026-02-28T14:57:33: 2026-02-28T14:57:33: 
> frontend@0.1.0 dev
> next dev

2026-02-28T14:57:34: 2026-02-28T14:57:34: 2026-02-28T14:57:34: 2026-02-28T14:57:35: 
> frontend@0.1.0 dev
> next dev

2026-02-28T14:57:36: 2026-02-28T14:57:36: 2026-02-28T14:57:36: 2026-02-28T14:57:36: 
> frontend@0.1.0 dev
> next dev

2026-02-28T14:57:38: 2026-02-28T14:57:38: 2026-02-28T14:57:38: 2026-02-28T14:57:38: 
> frontend@0.1.0 dev
> next dev

2026-02-28T14:57:39: 2026-02-28T14:57:39: 2026-02-28T14:57:39: 2026-02-28T14:57:40: 
> frontend@0.1.0 dev
> next dev

2026-02-28T14:57:41: 2026-02-28T14:57:41: 2026-02-28T14:57:41: 2026-02-28T14:57:41: 
> frontend@0.1.0 dev
> next dev

2026-02-28T14:57:42: 2026-02-28T14:57:42: 2026-02-28T14:57:42: 2026-02-28T14:57:43: 
> frontend@0.1.0 dev
> next dev

2026-02-28T14:57:45: 2026-02-28T14:57:45: 2026-02-28T14:57:45: 2026-02-28T14:57:45: 
> frontend@0.1.0 dev
> next dev

2026-02-28T14:57:47: 2026-02-28T14:57:47: 2026-02-28T14:57:48: 
> frontend@0.1.0 dev
> next dev

2026-02-28T14:57:49: 2026-02-28T14:57:49: 2026-02-28T14:57:49: 2026-02-28T14:57:50: 
> frontend@0.1.0 dev
> next dev

2026-02-28T14:57:52: 2026-02-28T14:57:52: 2026-02-28T14:57:52: 2026-02-28T14:57:52: 
> frontend@0.1.0 dev
> next dev

2026-02-28T14:57:54: 2026-02-28T14:57:54: 2026-02-28T14:57:54: 2026-02-28T14:57:54: 
> frontend@0.1.0 dev
> next dev

2026-02-28T14:57:56: 2026-02-28T14:57:56: 2026-02-28T14:57:56: 2026-02-28T14:57:57: 
> frontend@0.1.0 dev
> next dev

2026-02-28T14:57:58: 2026-02-28T14:57:58: 2026-02-28T14:57:58: 2026-02-28T14:57:59: 
> frontend@0.1.0 dev
> next dev

2026-02-28T14:58:01: 2026-02-28T14:58:01: 2026-02-28T14:58:01: 
> frontend@0.1.0 dev
> next dev

2026-02-28T14:58:03: 2026-02-28T14:58:03: 2026-02-28T14:58:03: 2026-02-28T14:58:04: 
> frontend@0.1.0 dev
> next dev

2026-02-28T14:58:06: 2026-02-28T14:58:06: 2026-02-28T14:58:06: 2026-02-28T14:58:06: 
> frontend@0.1.0 dev
> next dev

2026-02-28T14:58:08: 2026-02-28T14:58:08: 2026-02-28T14:58:08: 2026-02-28T14:58:09: 
> frontend@0.1.0 dev
> next dev

2026-02-28T14:58:11: 2026-02-28T14:58:11: 2026-02-28T14:58:11: 2026-02-28T14:58:12: 
> frontend@0.1.0 dev
> next dev

2026-02-28T14:58:14: 2026-02-28T14:58:14: 2026-02-28T14:58:14: 2026-02-28T14:58:15: 
> frontend@0.1.0 dev
> next dev

2026-02-28T14:58:17: 2026-02-28T14:58:17: 2026-02-28T14:58:17: 2026-02-28T14:58:17: 
> frontend@0.1.0 dev
> next dev

2026-02-28T14:58:20: 2026-02-28T14:58:20: 2026-02-28T14:58:20: 2026-02-28T14:58:21: 
> frontend@0.1.0 dev
> next dev

2026-02-28T14:58:23: 2026-02-28T14:58:23: 2026-02-28T14:58:23: 2026-02-28T14:58:23: 
> frontend@0.1.0 dev
> next dev

2026-02-28T14:58:25: 2026-02-28T14:58:25: 2026-02-28T14:58:25: 2026-02-28T14:58:26: 
> frontend@0.1.0 dev
> next dev

2026-02-28T14:58:28: 2026-02-28T14:58:28: 2026-02-28T14:58:28: 2026-02-28T14:58:28: 
> frontend@0.1.0 dev
> next dev

2026-02-28T14:58:30: 2026-02-28T14:58:30: 2026-02-28T14:58:30: 2026-02-28T14:58:31: 
> frontend@0.1.0 dev
> next dev

2026-02-28T14:58:33: 2026-02-28T14:58:33: 2026-02-28T14:58:33: 2026-02-28T14:58:33: 
> frontend@0.1.0 dev
> next dev

2026-02-28T14:58:36: 2026-02-28T14:58:36: 2026-02-28T14:58:36: 2026-02-28T14:58:37: 
> frontend@0.1.0 dev
> next dev

2026-02-28T14:58:39: 2026-02-28T14:58:39: 2026-02-28T14:58:39: 2026-02-28T14:58:39: 
> frontend@0.1.0 dev
> next dev

2026-02-28T14:58:40: 2026-02-28T14:58:40: 2026-02-28T14:58:41: 
> frontend@0.1.0 dev
> next dev

2026-02-28T14:58:42: 2026-02-28T14:58:42: 2026-02-28T14:58:42: 2026-02-28T14:58:42: 
> frontend@0.1.0 dev
> next dev

2026-02-28T14:58:44: 2026-02-28T14:58:44: 2026-02-28T14:58:44: 2026-02-28T14:58:44: 
> frontend@0.1.0 dev
> next dev

2026-02-28T14:58:46: 2026-02-28T14:58:46: 2026-02-28T14:58:46: 2026-02-28T14:58:46: 
> frontend@0.1.0 dev
> next dev

2026-02-28T14:58:48: 2026-02-28T14:58:48: 2026-02-28T14:58:48: 2026-02-28T14:58:48: 
> frontend@0.1.0 dev
> next dev

2026-02-28T14:58:50: 2026-02-28T14:58:50: 2026-02-28T14:58:50: 2026-02-28T14:58:50: 
> frontend@0.1.0 dev
> next dev

2026-02-28T14:58:51: 2026-02-28T14:58:51: 2026-02-28T14:58:51: 2026-02-28T14:58:52: 
> frontend@0.1.0 dev
> next dev

2026-02-28T14:58:53: 2026-02-28T14:58:53: 2026-02-28T14:58:54: 
> frontend@0.1.0 dev
> next dev

2026-02-28T14:58:55: 2026-02-28T14:58:55: 2026-02-28T14:58:55: 2026-02-28T14:58:56: 
> frontend@0.1.0 dev
> next dev

2026-02-28T14:58:58: 2026-02-28T14:58:58: 2026-02-28T14:58:58: 2026-02-28T14:58:58: 
> frontend@0.1.0 dev
> next dev

2026-02-28T14:59:00: 2026-02-28T14:59:00: 2026-02-28T14:59:00: 2026-02-28T14:59:01: 
> frontend@0.1.0 dev
> next dev

2026-02-28T14:59:03: 2026-02-28T14:59:03: 2026-02-28T14:59:03: 
> frontend@0.1.0 dev
> next dev

2026-02-28T14:59:04: 2026-02-28T14:59:04: 2026-02-28T14:59:04: 2026-02-28T14:59:04: 
> frontend@0.1.0 dev
> next dev

2026-02-28T14:59:05: 2026-02-28T14:59:05: 2026-02-28T14:59:05: 2026-02-28T14:59:06: 
> frontend@0.1.0 dev
> next dev

2026-02-28T14:59:07: 2026-02-28T14:59:07: 2026-02-28T14:59:07: 2026-02-28T14:59:07: 
> frontend@0.1.0 dev
> next dev

2026-02-28T14:59:08: 2026-02-28T14:59:08: 2026-02-28T14:59:08: 2026-02-28T14:59:08: 
> frontend@0.1.0 dev
> next dev

2026-02-28T14:59:09: 2026-02-28T14:59:09: 2026-02-28T14:59:09: 2026-02-28T14:59:10: 
> frontend@0.1.0 dev
> next dev

2026-02-28T14:59:11: 2026-02-28T14:59:11: 2026-02-28T14:59:11: 2026-02-28T14:59:11: 
> frontend@0.1.0 dev
> next dev

2026-02-28T14:59:12: 2026-02-28T14:59:12: 2026-02-28T14:59:12: 2026-02-28T14:59:12: 
> frontend@0.1.0 dev
> next dev

2026-02-28T14:59:13: 2026-02-28T14:59:13: 2026-02-28T14:59:13: 2026-02-28T14:59:14: 
> frontend@0.1.0 dev
> next dev

2026-02-28T14:59:15: 2026-02-28T14:59:15: 2026-02-28T14:59:15: 2026-02-28T14:59:15: 
> frontend@0.1.0 dev
> next dev

2026-02-28T14:59:16: 2026-02-28T14:59:16: 2026-02-28T14:59:16: 2026-02-28T14:59:16: 
> frontend@0.1.0 dev
> next dev

2026-02-28T14:59:17: 2026-02-28T14:59:17: 2026-02-28T14:59:17: 2026-02-28T14:59:17: 
> frontend@0.1.0 dev
> next dev

2026-02-28T14:59:18: 2026-02-28T14:59:18: 2026-02-28T14:59:18: 2026-02-28T14:59:19: 
> frontend@0.1.0 dev
> next dev

2026-02-28T14:59:20: 2026-02-28T14:59:20: 2026-02-28T14:59:20: 2026-02-28T14:59:20: 
> frontend@0.1.0 dev
> next dev

2026-02-28T14:59:21: 2026-02-28T14:59:21: 2026-02-28T14:59:21: 2026-02-28T14:59:21: 
> frontend@0.1.0 dev
> next dev

2026-02-28T14:59:22: 2026-02-28T14:59:22: 2026-02-28T14:59:22: 2026-02-28T14:59:22: 
> frontend@0.1.0 dev
> next dev

2026-02-28T14:59:23: 2026-02-28T14:59:23: 2026-02-28T14:59:23: 2026-02-28T14:59:24: 
> frontend@0.1.0 dev
> next dev

2026-02-28T14:59:25: 2026-02-28T14:59:25: 2026-02-28T14:59:25: 2026-02-28T14:59:25: 
> frontend@0.1.0 dev
> next dev

2026-02-28T14:59:26: 2026-02-28T14:59:26: 2026-02-28T14:59:26: 2026-02-28T14:59:26: 
> frontend@0.1.0 dev
> next dev

2026-02-28T14:59:28: 2026-02-28T14:59:28: 2026-02-28T14:59:28: 
> frontend@0.1.0 dev
> next dev

2026-02-28T14:59:29: 2026-02-28T14:59:29: 2026-02-28T14:59:29: 2026-02-28T14:59:29: 
> frontend@0.1.0 dev
> next dev

2026-02-28T14:59:30: 2026-02-28T14:59:30: 2026-02-28T14:59:30: 2026-02-28T14:59:30: 
> frontend@0.1.0 dev
> next dev

2026-02-28T14:59:31: 2026-02-28T14:59:31: 2026-02-28T14:59:31: 2026-02-28T14:59:32: 
> frontend@0.1.0 dev
> next dev

2026-02-28T14:59:33: 2026-02-28T14:59:33: 2026-02-28T14:59:33: 2026-02-28T14:59:33: 
> frontend@0.1.0 dev
> next dev

2026-02-28T14:59:34: 2026-02-28T14:59:34: 2026-02-28T14:59:34: 2026-02-28T14:59:34: 
> frontend@0.1.0 dev
> next dev

2026-02-28T14:59:35: 2026-02-28T14:59:35: 2026-02-28T14:59:35: 2026-02-28T14:59:36: 
> frontend@0.1.0 dev
> next dev

2026-02-28T14:59:37: 2026-02-28T14:59:37: 2026-02-28T14:59:37: 2026-02-28T14:59:37: 
> frontend@0.1.0 dev
> next dev

2026-02-28T14:59:38: 2026-02-28T14:59:38: 2026-02-28T14:59:38: 2026-02-28T14:59:39: 
> frontend@0.1.0 dev
> next dev

2026-02-28T14:59:40: 2026-02-28T14:59:40: 2026-02-28T14:59:40: 2026-02-28T14:59:40: 
> frontend@0.1.0 dev
> next dev

2026-02-28T14:59:41: 2026-02-28T14:59:41: 2026-02-28T14:59:41: 2026-02-28T14:59:42: 
> frontend@0.1.0 dev
> next dev

2026-02-28T14:59:43: 2026-02-28T14:59:43: 2026-02-28T14:59:43: 2026-02-28T14:59:44: 
> frontend@0.1.0 dev
> next dev

2026-02-28T14:59:45: 2026-02-28T14:59:45: 2026-02-28T14:59:45: 2026-02-28T14:59:45: 
> frontend@0.1.0 dev
> next dev

2026-02-28T14:59:47: 2026-02-28T14:59:47: 2026-02-28T14:59:47: 2026-02-28T14:59:48: 
> frontend@0.1.0 dev
> next dev

2026-02-28T14:59:49: 2026-02-28T14:59:49: 2026-02-28T14:59:49: 2026-02-28T14:59:50: 
> frontend@0.1.0 dev
> next dev

2026-02-28T14:59:51: 2026-02-28T14:59:51: 2026-02-28T14:59:51: 
> frontend@0.1.0 dev
> next dev

2026-02-28T14:59:52: 2026-02-28T14:59:52: 2026-02-28T14:59:52: 2026-02-28T14:59:52: 
> frontend@0.1.0 dev
> next dev

2026-02-28T14:59:53: 2026-02-28T14:59:53: 2026-02-28T14:59:53: 2026-02-28T14:59:54: 
> frontend@0.1.0 dev
> next dev

2026-02-28T14:59:55: 2026-02-28T14:59:55: 2026-02-28T14:59:55: 2026-02-28T14:59:56: 
> frontend@0.1.0 dev
> next dev

2026-02-28T14:59:57: 2026-02-28T14:59:57: 2026-02-28T14:59:57: 2026-02-28T14:59:57: 
> frontend@0.1.0 dev
> next dev

2026-02-28T14:59:58: 2026-02-28T14:59:58: 2026-02-28T14:59:59: 
> frontend@0.1.0 dev
> next dev

2026-02-28T15:00:00: 2026-02-28T15:00:00: 2026-02-28T15:00:00: 
> frontend@0.1.0 dev
> next dev

2026-02-28T15:00:01: 2026-02-28T15:00:01: 2026-02-28T15:00:01: 2026-02-28T15:00:02: 
> frontend@0.1.0 dev
> next dev

2026-02-28T15:00:03: 2026-02-28T15:00:03: 2026-02-28T15:00:03: 2026-02-28T15:00:03: 
> frontend@0.1.0 dev
> next dev

2026-02-28T15:00:04: 2026-02-28T15:00:04: 2026-02-28T15:00:04: 2026-02-28T15:00:04: 
> frontend@0.1.0 dev
> next dev

2026-02-28T15:00:05: 2026-02-28T15:00:05: 2026-02-28T15:00:05: 2026-02-28T15:00:05: 
> frontend@0.1.0 dev
> next dev

2026-02-28T15:00:06: 2026-02-28T15:00:06: 2026-02-28T15:00:06: 2026-02-28T15:00:07: 
> frontend@0.1.0 dev
> next dev

2026-02-28T15:00:08: 2026-02-28T15:00:08: 2026-02-28T15:00:08: 2026-02-28T15:00:08: 
> frontend@0.1.0 dev
> next dev

2026-02-28T15:00:09: 2026-02-28T15:00:09: 2026-02-28T15:00:09: 2026-02-28T15:00:09: 
> frontend@0.1.0 dev
> next dev

2026-02-28T15:00:10: 2026-02-28T15:00:10: 2026-02-28T15:00:10: 2026-02-28T15:00:11: 
> frontend@0.1.0 dev
> next dev

2026-02-28T15:00:12: 2026-02-28T15:00:12: 2026-02-28T15:00:12: 2026-02-28T15:00:12: 
> frontend@0.1.0 dev
> next dev

2026-02-28T15:00:13: 2026-02-28T15:00:13: 2026-02-28T15:00:13: 2026-02-28T15:00:13: 
> frontend@0.1.0 dev
> next dev

2026-02-28T15:00:14: 2026-02-28T15:00:14: 2026-02-28T15:00:14: 2026-02-28T15:00:14: 
> frontend@0.1.0 dev
> next dev

2026-02-28T15:00:15: 2026-02-28T15:00:16: 2026-02-28T15:00:16: 2026-02-28T15:00:16: 
> frontend@0.1.0 dev
> next dev

2026-02-28T15:00:17: 2026-02-28T15:00:17: 2026-02-28T15:00:17: 2026-02-28T15:00:17: 
> frontend@0.1.0 dev
> next dev

2026-02-28T15:00:18: 2026-02-28T15:00:18: 2026-02-28T15:00:18: 2026-02-28T15:00:18: 
> frontend@0.1.0 dev
> next dev

2026-02-28T15:00:19: 2026-02-28T15:00:19: 2026-02-28T15:00:19: 2026-02-28T15:00:20: 
> frontend@0.1.0 dev
> next dev

2026-02-28T15:00:21: 2026-02-28T15:00:21: 2026-02-28T15:00:21: 2026-02-28T15:00:22: 
> frontend@0.1.0 dev
> next dev

2026-02-28T15:00:23: 2026-02-28T15:00:23: 2026-02-28T15:00:23: 2026-02-28T15:00:24: 
> frontend@0.1.0 dev
> next dev

2026-02-28T15:00:25: 2026-02-28T15:00:25: 2026-02-28T15:00:25: 2026-02-28T15:00:25: 
> frontend@0.1.0 dev
> next dev

2026-02-28T15:00:28: 2026-02-28T15:00:28: 2026-02-28T15:00:28: 2026-02-28T15:00:28: 
> frontend@0.1.0 dev
> next dev

2026-02-28T15:00:29: 2026-02-28T15:00:29: 2026-02-28T15:00:30: 
> frontend@0.1.0 dev
> next dev

2026-02-28T15:00:31: 2026-02-28T15:00:31: 2026-02-28T15:00:31: 2026-02-28T15:00:31: 
> frontend@0.1.0 dev
> next dev

2026-02-28T15:00:32: 2026-02-28T15:00:32: 2026-02-28T15:00:32: 2026-02-28T15:00:32: 
> frontend@0.1.0 dev
> next dev

2026-02-28T15:00:33: 2026-02-28T15:00:33: 2026-02-28T15:00:33: 2026-02-28T15:00:33: 
> frontend@0.1.0 dev
> next dev

2026-02-28T15:00:35: 2026-02-28T15:00:35: 2026-02-28T15:00:35: 2026-02-28T15:00:35: 
> frontend@0.1.0 dev
> next dev

2026-02-28T15:00:36: 2026-02-28T15:00:36: 2026-02-28T15:00:36: 2026-02-28T15:00:36: 
> frontend@0.1.0 dev
> next dev

2026-02-28T15:00:37: 2026-02-28T15:00:37: 2026-02-28T15:00:38: 
> frontend@0.1.0 dev
> next dev

2026-02-28T15:00:39: 2026-02-28T15:00:39: 2026-02-28T15:00:39: 2026-02-28T15:00:39: 
> frontend@0.1.0 dev
> next dev

2026-02-28T15:00:40: 2026-02-28T15:00:40: 2026-02-28T15:00:40: 2026-02-28T15:00:40: 
> frontend@0.1.0 dev
> next dev

